<?xml version="1.0" encoding="UTF-8"?>
<!-- Generated by org.testng.reporters.JUnitXMLReporter -->
<testsuite hostname="MAHFUJ-1B5SPLO" name="Running Smoke suite in firefox" tests="2" failures="0" timestamp="23 Aug 2020 21:55:54 GMT" time="31.946" errors="0">
  <testcase name="userFullNameTest" time="6.838" classname="test_signIn.VerifyUserFullName"/>
  <testcase name="registerWithNewEmailTest" time="0.001" classname="test_register.NewRegisterTest"/>
</testsuite> <!-- Running Smoke suite in firefox -->
