<?xml version="1.0" encoding="UTF-8"?>
<!-- Generated by org.testng.reporters.JUnitXMLReporter -->
<testsuite hostname="MAHFUJ-1B5SPLO" name="Running Smoke suite in Chrome" tests="2" failures="0" timestamp="16 Aug 2020 15:03:11 GMT" time="25.235" errors="0">
  <testcase name="userFullNameTest" time="5.532" classname="test_signIn.VerifyUserFullName"/>
  <testcase name="registerWithNewEmailTest" time="0.0" classname="test_register.NewRegisterTest"/>
</testsuite> <!-- Running Smoke suite in Chrome -->
