<?xml version="1.0" encoding="UTF-8"?>
<!-- Generated by org.testng.reporters.JUnitXMLReporter -->
<testsuite hostname="DESKTOP-PFUQSED" ignored="2" name="Running Somoke suite in firefox" tests="2" failures="0" timestamp="26 Jul 2020 16:26:49 GMT" time="36.224" errors="0">
  <testcase name="loginWithValidCredentialUsingEmailTest" time="10.215" classname="test_signIn.VerifyUserFullName"/>
  <testcase name="registerWithNewEmailTest" time="0.003" classname="test_register.NewRegisterTest"/>
  <testcase name="@AfterSuite tearDown" time="0.0" classname="base.Config">
    <ignored/>
  </testcase> <!-- @AfterSuite tearDown -->
  <testcase name="@BeforeSuite startTestSuite" time="0.0" classname="base.Config">
    <ignored/>
  </testcase> <!-- @BeforeSuite startTestSuite -->
</testsuite> <!-- Running Somoke suite in firefox -->
