<?xml version="1.0" encoding="UTF-8"?>
<testng-results skipped="0" failed="0" total="4" passed="4">
  <reporter-output>
  </reporter-output>
  <suite name="Booking.com - Smoke Test Suite" duration-ms="51459" started-at="2020-08-16T15:02:20Z" finished-at="2020-08-16T15:03:11Z">
    <groups>
    </groups>
    <test name="Running Smoke suite in firefox" duration-ms="26208" started-at="2020-08-16T15:02:20Z" finished-at="2020-08-16T15:02:46Z">
      <class name="test_register.NewRegisterTest">
        <test-method status="PASS" signature="beforeEachTestMethod(java.lang.String)[pri:0, instance:test_register.NewRegisterTest@5fe5c6f]" name="beforeEachTestMethod" is-config="true" duration-ms="7543" started-at="2020-08-16T11:02:37Z" finished-at="2020-08-16T11:02:45Z">
          <params>
            <param index="0">
              <value>
                <![CDATA[FF]]>
              </value>
            </param>
          </params>
          <reporter-output>
          </reporter-output>
        </test-method> <!-- beforeEachTestMethod -->
        <test-method status="PASS" signature="registerWithNewEmailTest()[pri:0, instance:test_register.NewRegisterTest@5fe5c6f]" name="registerWithNewEmailTest" duration-ms="0" started-at="2020-08-16T11:02:45Z" finished-at="2020-08-16T11:02:45Z">
          <reporter-output>
          </reporter-output>
        </test-method> <!-- registerWithNewEmailTest -->
        <test-method status="PASS" signature="afterEachTestMethod()[pri:0, instance:test_register.NewRegisterTest@5fe5c6f]" name="afterEachTestMethod" is-config="true" duration-ms="995" started-at="2020-08-16T11:02:45Z" finished-at="2020-08-16T11:02:46Z">
          <reporter-output>
          </reporter-output>
        </test-method> <!-- afterEachTestMethod -->
      </class> <!-- test_register.NewRegisterTest -->
      <class name="test_signIn.VerifyUserFullName">
        <test-method status="PASS" signature="beforeEachTestMethod(java.lang.String)[pri:0, instance:test_signIn.VerifyUserFullName@2471cca7]" name="beforeEachTestMethod" is-config="true" duration-ms="11181" started-at="2020-08-16T11:02:20Z" finished-at="2020-08-16T11:02:31Z">
          <params>
            <param index="0">
              <value>
                <![CDATA[FF]]>
              </value>
            </param>
          </params>
          <reporter-output>
          </reporter-output>
        </test-method> <!-- beforeEachTestMethod -->
        <test-method status="PASS" signature="userFullNameTest()[pri:0, instance:test_signIn.VerifyUserFullName@2471cca7]" name="userFullNameTest" duration-ms="5594" started-at="2020-08-16T11:02:31Z" finished-at="2020-08-16T11:02:36Z">
          <reporter-output>
          </reporter-output>
        </test-method> <!-- userFullNameTest -->
        <test-method status="PASS" signature="afterEachTestMethod()[pri:0, instance:test_signIn.VerifyUserFullName@2471cca7]" name="afterEachTestMethod" is-config="true" duration-ms="883" started-at="2020-08-16T11:02:36Z" finished-at="2020-08-16T11:02:37Z">
          <reporter-output>
          </reporter-output>
        </test-method> <!-- afterEachTestMethod -->
      </class> <!-- test_signIn.VerifyUserFullName -->
    </test> <!-- Running Smoke suite in firefox -->
    <test name="Running Smoke suite in Chrome" duration-ms="25235" started-at="2020-08-16T15:02:46Z" finished-at="2020-08-16T15:03:11Z">
      <class name="test_register.NewRegisterTest">
        <test-method status="PASS" signature="beforeEachTestMethod(java.lang.String)[pri:0, instance:test_register.NewRegisterTest@75412c2f]" name="beforeEachTestMethod" is-config="true" duration-ms="7709" started-at="2020-08-16T11:03:03Z" finished-at="2020-08-16T11:03:11Z">
          <params>
            <param index="0">
              <value>
                <![CDATA[CH]]>
              </value>
            </param>
          </params>
          <reporter-output>
          </reporter-output>
        </test-method> <!-- beforeEachTestMethod -->
        <test-method status="PASS" signature="afterEachTestMethod()[pri:0, instance:test_register.NewRegisterTest@75412c2f]" name="afterEachTestMethod" is-config="true" duration-ms="45" started-at="2020-08-16T11:03:11Z" finished-at="2020-08-16T11:03:11Z">
          <reporter-output>
          </reporter-output>
        </test-method> <!-- afterEachTestMethod -->
        <test-method status="PASS" signature="registerWithNewEmailTest()[pri:0, instance:test_register.NewRegisterTest@75412c2f]" name="registerWithNewEmailTest" duration-ms="0" started-at="2020-08-16T11:03:11Z" finished-at="2020-08-16T11:03:11Z">
          <reporter-output>
          </reporter-output>
        </test-method> <!-- registerWithNewEmailTest -->
      </class> <!-- test_register.NewRegisterTest -->
      <class name="test_signIn.VerifyUserFullName">
        <test-method status="PASS" signature="startTestSuite()[pri:0, instance:test_signIn.VerifyUserFullName@50cbc42f]" name="startTestSuite" is-config="true" duration-ms="55" started-at="2020-08-16T11:02:20Z" finished-at="2020-08-16T11:02:20Z">
          <reporter-output>
          </reporter-output>
        </test-method> <!-- startTestSuite -->
        <test-method status="PASS" signature="beforeEachTestMethod(java.lang.String)[pri:0, instance:test_signIn.VerifyUserFullName@50cbc42f]" name="beforeEachTestMethod" is-config="true" duration-ms="7562" started-at="2020-08-16T11:02:46Z" finished-at="2020-08-16T11:02:53Z">
          <params>
            <param index="0">
              <value>
                <![CDATA[CH]]>
              </value>
            </param>
          </params>
          <reporter-output>
          </reporter-output>
        </test-method> <!-- beforeEachTestMethod -->
        <test-method status="PASS" signature="userFullNameTest()[pri:0, instance:test_signIn.VerifyUserFullName@50cbc42f]" name="userFullNameTest" duration-ms="5532" started-at="2020-08-16T11:02:53Z" finished-at="2020-08-16T11:02:59Z">
          <reporter-output>
          </reporter-output>
        </test-method> <!-- userFullNameTest -->
        <test-method status="PASS" signature="afterEachTestMethod()[pri:0, instance:test_signIn.VerifyUserFullName@50cbc42f]" name="afterEachTestMethod" is-config="true" duration-ms="4385" started-at="2020-08-16T11:02:59Z" finished-at="2020-08-16T11:03:03Z">
          <reporter-output>
          </reporter-output>
        </test-method> <!-- afterEachTestMethod -->
        <test-method status="PASS" signature="tearDown()[pri:0, instance:test_signIn.VerifyUserFullName@50cbc42f]" name="tearDown" is-config="true" duration-ms="1" started-at="2020-08-16T11:03:11Z" finished-at="2020-08-16T11:03:11Z">
          <reporter-output>
          </reporter-output>
        </test-method> <!-- tearDown -->
      </class> <!-- test_signIn.VerifyUserFullName -->
    </test> <!-- Running Smoke suite in Chrome -->
  </suite> <!-- Booking.com - Smoke Test Suite -->
</testng-results>
